This is pdfTeX, Version 3.141592653-2.6-1.40.25 (MiKTeX 23.5) (preloaded format=pdflatex 2023.5.8)  11 JUN 2023 17:50
entering extended mode
 \write18 enabled.
 %&-line parsing enabled.
**./LabReport.tex
(LabReport.tex
LaTeX2e <2022-11-01> patch level 1
L3 programming layer <2023-04-20>
(C:\Users\pekermilas\AppData\Local\Programs\MiKTeX\tex/latex/base\article.cls
Document Class: article 2022/07/02 v1.4n Standard LaTeX document class
(C:\Users\pekermilas\AppData\Local\Programs\MiKTeX\tex/latex/base\size10.clo
File: size10.clo 2022/07/02 v1.4n Standard LaTeX file (size option)
)
\c@part=\count185
\c@section=\count186
\c@subsection=\count187
\c@subsubsection=\count188
\c@paragraph=\count189
\c@subparagraph=\count190
\c@figure=\count191
\c@table=\count192
\abovecaptionskip=\skip48
\belowcaptionskip=\skip49
\bibindent=\dimen140
)
(C:\Users\pekermilas\AppData\Local\Programs\MiKTeX\tex/latex/base\inputenc.sty
Package: inputenc 2021/02/14 v1.3d Input encoding file
\inpenc@prehook=\toks16
\inpenc@posthook=\toks17
)
(C:\Users\pekermilas\AppData\Local\Programs\MiKTeX\tex/latex/hyperref\hyperref.
sty
Package: hyperref 2023-04-22 v7.00x Hypertext links for LaTeX

(C:\Users\pekermilas\AppData\Local\Programs\MiKTeX\tex/generic/ltxcmds\ltxcmds.
sty
Package: ltxcmds 2020-05-10 v1.25 LaTeX kernel commands for general use (HO)
)
(C:\Users\pekermilas\AppData\Local\Programs\MiKTeX\tex/generic/iftex\iftex.sty
Package: iftex 2022/02/03 v1.0f TeX engine tests
)
(C:\Users\pekermilas\AppData\Local\Programs\MiKTeX\tex/generic/pdftexcmds\pdfte
xcmds.sty
Package: pdftexcmds 2020-06-27 v0.33 Utility functions of pdfTeX for LuaTeX (HO
)

(C:\Users\pekermilas\AppData\Local\Programs\MiKTeX\tex/generic/infwarerr\infwar
err.sty
Package: infwarerr 2019/12/03 v1.5 Providing info/warning/error messages (HO)
)
Package pdftexcmds Info: \pdf@primitive is available.
Package pdftexcmds Info: \pdf@ifprimitive is available.
Package pdftexcmds Info: \pdfdraftmode found.
)
(C:\Users\pekermilas\AppData\Local\Programs\MiKTeX\tex/latex/graphics\keyval.st
y
Package: keyval 2022/05/29 v1.15 key=value parser (DPC)
\KV@toks@=\toks18
)
(C:\Users\pekermilas\AppData\Local\Programs\MiKTeX\tex/latex/kvsetkeys\kvsetkey
s.sty
Package: kvsetkeys 2022-10-05 v1.19 Key value parser (HO)
)
(C:\Users\pekermilas\AppData\Local\Programs\MiKTeX\tex/generic/kvdefinekeys\kvd
efinekeys.sty
Package: kvdefinekeys 2019-12-19 v1.6 Define keys (HO)
)
(C:\Users\pekermilas\AppData\Local\Programs\MiKTeX\tex/generic/pdfescape\pdfesc
ape.sty
Package: pdfescape 2019/12/09 v1.15 Implements pdfTeX's escape features (HO)
)
(C:\Users\pekermilas\AppData\Local\Programs\MiKTeX\tex/latex/hycolor\hycolor.st
y
Package: hycolor 2020-01-27 v1.10 Color options for hyperref/bookmark (HO)
)
(C:\Users\pekermilas\AppData\Local\Programs\MiKTeX\tex/latex/letltxmacro\letltx
macro.sty
Package: letltxmacro 2019/12/03 v1.6 Let assignment for LaTeX macros (HO)
)
(C:\Users\pekermilas\AppData\Local\Programs\MiKTeX\tex/latex/auxhook\auxhook.st
y
Package: auxhook 2019-12-17 v1.6 Hooks for auxiliary files (HO)
)
(C:\Users\pekermilas\AppData\Local\Programs\MiKTeX\tex/latex/hyperref\nameref.s
ty
Package: nameref 2022-05-17 v2.50 Cross-referencing by name of section

(C:\Users\pekermilas\AppData\Local\Programs\MiKTeX\tex/latex/refcount\refcount.
sty
Package: refcount 2019/12/15 v3.6 Data extraction from label references (HO)
)
(C:\Users\pekermilas\AppData\Local\Programs\MiKTeX\tex/generic/gettitlestring\g
ettitlestring.sty
Package: gettitlestring 2019/12/15 v1.6 Cleanup title references (HO)

(C:\Users\pekermilas\AppData\Local\Programs\MiKTeX\tex/latex/kvoptions\kvoption
s.sty
Package: kvoptions 2022-06-15 v3.15 Key value format for package options (HO)
))
\c@section@level=\count193
)
(C:\Users\pekermilas\AppData\Local\Programs\MiKTeX\tex/latex/etoolbox\etoolbox.
sty
Package: etoolbox 2020/10/05 v2.5k e-TeX tools for LaTeX (JAW)
\etb@tempcnta=\count194
)
\@linkdim=\dimen141
\Hy@linkcounter=\count195
\Hy@pagecounter=\count196

(C:\Users\pekermilas\AppData\Local\Programs\MiKTeX\tex/latex/hyperref\pd1enc.de
f
File: pd1enc.def 2023-04-22 v7.00x Hyperref: PDFDocEncoding definition (HO)
Now handling font encoding PD1 ...
... no UTF-8 mapping file for font encoding PD1
)
(C:\Users\pekermilas\AppData\Local\Programs\MiKTeX\tex/generic/intcalc\intcalc.
sty
Package: intcalc 2019/12/15 v1.3 Expandable calculations with integers (HO)
)
\Hy@SavedSpaceFactor=\count197

(C:\Users\pekermilas\AppData\Local\Programs\MiKTeX\tex/latex/hyperref\puenc.def
File: puenc.def 2023-04-22 v7.00x Hyperref: PDF Unicode definition (HO)
Now handling font encoding PU ...
... no UTF-8 mapping file for font encoding PU
)
Package hyperref Info: Hyper figures OFF on input line 4182.
Package hyperref Info: Link nesting OFF on input line 4187.
Package hyperref Info: Hyper index ON on input line 4190.
Package hyperref Info: Plain pages OFF on input line 4197.
Package hyperref Info: Backreferencing OFF on input line 4202.
Package hyperref Info: Implicit mode ON; LaTeX internals redefined.
Package hyperref Info: Bookmarks ON on input line 4449.
\c@Hy@tempcnt=\count198
 (C:\Users\pekermilas\AppData\Local\Programs\MiKTeX\tex/latex/url\url.sty
\Urlmuskip=\muskip16
Package: url 2013/09/16  ver 3.4  Verb mode for urls, etc.
)
LaTeX Info: Redefining \url on input line 4787.
\XeTeXLinkMargin=\dimen142

(C:\Users\pekermilas\AppData\Local\Programs\MiKTeX\tex/generic/bitset\bitset.st
y
Package: bitset 2019/12/09 v1.3 Handle bit-vector datatype (HO)

(C:\Users\pekermilas\AppData\Local\Programs\MiKTeX\tex/generic/bigintcalc\bigin
tcalc.sty
Package: bigintcalc 2019/12/15 v1.5 Expandable calculations on big integers (HO
)
))
\Fld@menulength=\count199
\Field@Width=\dimen143
\Fld@charsize=\dimen144
Package hyperref Info: Hyper figures OFF on input line 6066.
Package hyperref Info: Link nesting OFF on input line 6071.
Package hyperref Info: Hyper index ON on input line 6074.
Package hyperref Info: backreferencing OFF on input line 6081.
Package hyperref Info: Link coloring OFF on input line 6086.
Package hyperref Info: Link coloring with OCG OFF on input line 6091.
Package hyperref Info: PDF/A mode OFF on input line 6096.

(C:\Users\pekermilas\AppData\Local\Programs\MiKTeX\tex/latex/base\atbegshi-ltx.
sty
Package: atbegshi-ltx 2021/01/10 v1.0c Emulation of the original atbegshi
package with kernel methods
)
\Hy@abspage=\count266
\c@Item=\count267
\c@Hfootnote=\count268
)
Package hyperref Info: Driver (autodetected): hpdftex.

(C:\Users\pekermilas\AppData\Local\Programs\MiKTeX\tex/latex/hyperref\hpdftex.d
ef
File: hpdftex.def 2023-04-22 v7.00x Hyperref driver for pdfTeX

(C:\Users\pekermilas\AppData\Local\Programs\MiKTeX\tex/latex/base\atveryend-ltx
.sty
Package: atveryend-ltx 2020/08/19 v1.0a Emulation of the original atveryend pac
kage
with kernel methods
)
\Fld@listcount=\count269
\c@bookmark@seq@number=\count270

(C:\Users\pekermilas\AppData\Local\Programs\MiKTeX\tex/latex/rerunfilecheck\rer
unfilecheck.sty
Package: rerunfilecheck 2022-07-10 v1.10 Rerun checks for auxiliary files (HO)

(C:\Users\pekermilas\AppData\Local\Programs\MiKTeX\tex/generic/uniquecounter\un
iquecounter.sty
Package: uniquecounter 2019/12/15 v1.4 Provide unlimited unique counter (HO)
)
Package uniquecounter Info: New unique counter `rerunfilecheck' on input line 2
85.
)
\Hy@SectionHShift=\skip50
)
(C:\Users\pekermilas\AppData\Local\Programs\MiKTeX\tex/latex/float\float.sty
Package: float 2001/11/08 v1.3d Float enhancements (AL)
\c@float@type=\count271
\float@exts=\toks19
\float@box=\box51
\@float@everytoks=\toks20
\@floatcapt=\box52
)
(C:\Users\pekermilas\AppData\Local\Programs\MiKTeX\tex/latex/graphics\graphicx.
sty
Package: graphicx 2021/09/16 v1.2d Enhanced LaTeX Graphics (DPC,SPQR)

(C:\Users\pekermilas\AppData\Local\Programs\MiKTeX\tex/latex/graphics\graphics.
sty
Package: graphics 2022/03/10 v1.4e Standard LaTeX Graphics (DPC,SPQR)

(C:\Users\pekermilas\AppData\Local\Programs\MiKTeX\tex/latex/graphics\trig.sty
Package: trig 2021/08/11 v1.11 sin cos tan (DPC)
)
(C:\Users\pekermilas\AppData\Local\Programs\MiKTeX\tex/latex/graphics-cfg\graph
ics.cfg
File: graphics.cfg 2016/06/04 v1.11 sample graphics configuration
)
Package graphics Info: Driver file: pdftex.def on input line 107.

(C:\Users\pekermilas\AppData\Local\Programs\MiKTeX\tex/latex/graphics-def\pdfte
x.def
File: pdftex.def 2022/09/22 v1.2b Graphics/color driver for pdftex
))
\Gin@req@height=\dimen145
\Gin@req@width=\dimen146
)
(C:\Users\pekermilas\AppData\Local\Programs\MiKTeX\tex/latex/minted\minted.sty
Package: minted 2022/12/12 v2.7 Yet another Pygments shim for LaTeX

(C:\Users\pekermilas\AppData\Local\Programs\MiKTeX\tex/latex/fvextra\fvextra.st
y
Package: fvextra 2022/11/30 v1.5 fvextra - extensions and patches for fancyvrb

(C:\Users\pekermilas\AppData\Local\Programs\MiKTeX\tex/latex/fancyvrb\fancyvrb.
sty
Package: fancyvrb 2023/01/19 4.5a verbatim text (tvz,hv)
\FV@CodeLineNo=\count272
\FV@InFile=\read2
\FV@TabBox=\box53
\c@FancyVerbLine=\count273
\FV@StepNumber=\count274
\FV@OutFile=\write3
)
(C:\Users\pekermilas\AppData\Local\Programs\MiKTeX\tex/latex/upquote\upquote.st
y
Package: upquote 2012/04/19 v1.3 upright-quote and grave-accent glyphs in verba
tim
)
(C:\Users\pekermilas\AppData\Local\Programs\MiKTeX\tex/latex/lineno\lineno.sty
Package: lineno 2023/01/19 line numbers on paragraphs v5.1
\linenopenalty=\count275
\output=\toks21
\linenoprevgraf=\count276
\linenumbersep=\dimen147
\linenumberwidth=\dimen148
\c@linenumber=\count277
\c@pagewiselinenumber=\count278
\c@LN@truepage=\count279
\c@internallinenumber=\count280
\c@internallinenumbers=\count281
\quotelinenumbersep=\dimen149
\bframerule=\dimen150
\bframesep=\dimen151
\bframebox=\box54
LaTeX Info: Redefining \\ on input line 3131.
)
\c@FV@TrueTabGroupLevel=\count282
\c@FV@TrueTabCounter=\count283
\FV@TabBox@Group=\box55
\FV@TmpLength=\skip51
\c@FV@HighlightLinesStart=\count284
\c@FV@HighlightLinesStop=\count285
\FV@LoopCount=\count286
\FV@NCharsBox=\box56
\FV@BreakIndent=\dimen152
\FV@BreakIndentNChars=\count287
\FV@BreakSymbolSepLeft=\dimen153
\FV@BreakSymbolSepLeftNChars=\count288
\FV@BreakSymbolSepRight=\dimen154
\FV@BreakSymbolSepRightNChars=\count289
\FV@BreakSymbolIndentLeft=\dimen155
\FV@BreakSymbolIndentLeftNChars=\count290
\FV@BreakSymbolIndentRight=\dimen156
\FV@BreakSymbolIndentRightNChars=\count291
\c@FancyVerbLineBreakLast=\count292
\FV@LineBox=\box57
\FV@LineIndentBox=\box58
\c@FV@BreakBufferDepth=\count293
\FV@LineWidth=\dimen157
) (C:\Users\pekermilas\AppData\Local\Programs\MiKTeX\tex/latex/base\ifthen.sty
Package: ifthen 2022/04/13 v1.1d Standard LaTeX ifthen package (DPC)
) (C:\Users\pekermilas\AppData\Local\Programs\MiKTeX\tex/latex/tools\calc.sty
Package: calc 2017/05/25 v4.3 Infix arithmetic (KKT,FJ)
\calc@Acount=\count294
\calc@Bcount=\count295
\calc@Adimen=\dimen158
\calc@Bdimen=\dimen159
\calc@Askip=\skip52
\calc@Bskip=\skip53
LaTeX Info: Redefining \setlength on input line 80.
LaTeX Info: Redefining \addtolength on input line 81.
\calc@Ccount=\count296
\calc@Cskip=\skip54
)
(C:\Users\pekermilas\AppData\Local\Programs\MiKTeX\tex/latex/tools\shellesc.sty
Package: shellesc 2019/11/08 v1.0c unified shell escape interface for LaTeX
Package shellesc Info: Unrestricted shell escape enabled on input line 75.
)
(C:\Users\pekermilas\AppData\Local\Programs\MiKTeX\tex/latex/ifplatform\ifplatf
orm.sty
Package: ifplatform 2017/10/13 v0.4a Testing for the operating system

(C:\Users\pekermilas\AppData\Local\Programs\MiKTeX\tex/generic/catchfile\catchf
ile.sty
Package: catchfile 2019/12/09 v1.8 Catch the contents of a file (HO)

(C:\Users\pekermilas\AppData\Local\Programs\MiKTeX\tex/generic/etexcmds\etexcmd
s.sty
Package: etexcmds 2019/12/15 v1.7 Avoid name clashes with e-TeX commands (HO)
))
(C:\Users\pekermilas\AppData\Local\Programs\MiKTeX\tex/generic/iftex\ifluatex.s
ty
Package: ifluatex 2019/10/25 v1.5 ifluatex legacy package. Use iftex instead.
))
(C:\Users\pekermilas\AppData\Local\Programs\MiKTeX\tex/latex/xstring\xstring.st
y
(C:\Users\pekermilas\AppData\Local\Programs\MiKTeX\tex/generic/xstring\xstring.
tex
\integerpart=\count297
\decimalpart=\count298
)
Package: xstring 2023/01/14 v1.85 String manipulations (CT)
)
(C:\Users\pekermilas\AppData\Local\Programs\MiKTeX\tex/latex/framed\framed.sty
Package: framed 2011/10/22 v 0.96: framed or shaded text with page breaks
\OuterFrameSep=\skip55
\fb@frw=\dimen160
\fb@frh=\dimen161
\FrameRule=\dimen162
\FrameSep=\dimen163
)
\minted@appexistsfile=\read3
\minted@bgbox=\box59
\minted@code=\write4
\c@minted@FancyVerbLineTemp=\count299
\c@minted@pygmentizecounter=\count300
\@float@every@listing=\toks22
\c@listing=\count301
)
runsystem(if not exist _minted-LabReport mkdir _minted-LabReport)...executed.

 (C:\Users\pekermilas\AppData\Local\Programs\MiKTeX\tex/generic/soul\soul.sty
Package: soul 2023-02-18 v3.0 Permit use of UTF-8 characters in soul (HO)

(C:\Users\pekermilas\AppData\Local\Programs\MiKTeX\tex/generic/soul\soul-ori.st
y
Package: soul-ori 2023-02-18 v3.0 letterspacing/underlining (mf)
\SOUL@word=\toks23
\SOUL@lasttoken=\toks24
\SOUL@syllable=\toks25
\SOUL@cmds=\toks26
\SOUL@buffer=\toks27
\SOUL@token=\toks28
\SOUL@syllgoal=\dimen164
\SOUL@syllwidth=\dimen165
\SOUL@charkern=\dimen166
\SOUL@hyphkern=\dimen167
\SOUL@dimen=\dimen168
\SOUL@dimeni=\dimen169
\SOUL@minus=\count302
\SOUL@comma=\count303
\SOUL@apo=\count304
\SOUL@grave=\count305
\SOUL@spaceskip=\skip56
\SOUL@ttwidth=\dimen170
\SOUL@uldp=\dimen171
\SOUL@ulht=\dimen172
))
(C:\Users\pekermilas\AppData\Local\Programs\MiKTeX\tex/latex/multirow\multirow.
sty
Package: multirow 2021/03/15 v2.8 Span multiple rows of a table
\multirow@colwidth=\skip57
\multirow@cntb=\count306
\multirow@dima=\skip58
\bigstrutjot=\dimen173
)
(C:\Users\pekermilas\AppData\Local\Programs\MiKTeX\tex/latex/xcolor\xcolor.sty
Package: xcolor 2022/06/12 v2.14 LaTeX color extensions (UK)

(C:\Users\pekermilas\AppData\Local\Programs\MiKTeX\tex/latex/graphics-cfg\color
.cfg
File: color.cfg 2016/01/02 v1.6 sample color configuration
)
Package xcolor Info: Driver file: pdftex.def on input line 227.

(C:\Users\pekermilas\AppData\Local\Programs\MiKTeX\tex/latex/graphics\mathcolor
.ltx)
Package xcolor Info: Model `cmy' substituted by `cmy0' on input line 1353.
Package xcolor Info: Model `hsb' substituted by `rgb' on input line 1357.
Package xcolor Info: Model `RGB' extended on input line 1369.
Package xcolor Info: Model `HTML' substituted by `rgb' on input line 1371.
Package xcolor Info: Model `Hsb' substituted by `hsb' on input line 1372.
Package xcolor Info: Model `tHsb' substituted by `hsb' on input line 1373.
Package xcolor Info: Model `HSB' substituted by `hsb' on input line 1374.
Package xcolor Info: Model `Gray' substituted by `gray' on input line 1375.
Package xcolor Info: Model `wave' substituted by `hsb' on input line 1376.
)
runsystem(for ^%i in (pygmentize.exe pygmentize.bat pygmentize.cmd) do set > La
bReport.aex <nul: /p x=^%~$PATH:i>> LabReport.aex)...executed.

runsystem(del LabReport.aex)...executed.


(C:\Users\pekermilas\AppData\Local\Programs\MiKTeX\tex/latex/l3backend\l3backen
d-pdftex.def
File: l3backend-pdftex.def 2023-04-19 L3 backend support: PDF output (pdfTeX)
\l__color_backend_stack_int=\count307
\l__pdf_internal_box=\box60
)

LaTeX Warning: Unused global option(s):
    [letter].

(LabReport.aux)
\openout1 = `LabReport.aux'.

LaTeX Font Info:    Checking defaults for OML/cmm/m/it on input line 11.
LaTeX Font Info:    ... okay on input line 11.
LaTeX Font Info:    Checking defaults for OMS/cmsy/m/n on input line 11.
LaTeX Font Info:    ... okay on input line 11.
LaTeX Font Info:    Checking defaults for OT1/cmr/m/n on input line 11.
LaTeX Font Info:    ... okay on input line 11.
LaTeX Font Info:    Checking defaults for T1/cmr/m/n on input line 11.
LaTeX Font Info:    ... okay on input line 11.
LaTeX Font Info:    Checking defaults for TS1/cmr/m/n on input line 11.
LaTeX Font Info:    ... okay on input line 11.
LaTeX Font Info:    Checking defaults for OMX/cmex/m/n on input line 11.
LaTeX Font Info:    ... okay on input line 11.
LaTeX Font Info:    Checking defaults for U/cmr/m/n on input line 11.
LaTeX Font Info:    ... okay on input line 11.
LaTeX Font Info:    Checking defaults for PD1/pdf/m/n on input line 11.
LaTeX Font Info:    ... okay on input line 11.
LaTeX Font Info:    Checking defaults for PU/pdf/m/n on input line 11.
LaTeX Font Info:    ... okay on input line 11.
Package hyperref Info: Link coloring OFF on input line 11.
 (LabReport.out) (LabReport.out)
\@outlinefile=\write5
\openout5 = `LabReport.out'.


(C:\Users\pekermilas\AppData\Local\Programs\MiKTeX\tex/context/base/mkii\supp-p
df.mkii
[Loading MPS to PDF converter (version 2006.09.02).]
\scratchcounter=\count308
\scratchdimen=\dimen174
\scratchbox=\box61
\nofMPsegments=\count309
\nofMParguments=\count310
\everyMPshowfont=\toks29
\MPscratchCnt=\count311
\MPscratchDim=\dimen175
\MPnumerator=\count312
\makeMPintoPDFobject=\count313
\everyMPtoPDFconversion=\toks30
)
(C:\Users\pekermilas\AppData\Local\Programs\MiKTeX\tex/latex/epstopdf-pkg\epsto
pdf-base.sty
Package: epstopdf-base 2020-01-24 v2.11 Base part for package epstopdf
Package epstopdf-base Info: Redefining graphics rule for `.eps' on input line 4
85.

(C:\Users\pekermilas\AppData\Local\Programs\MiKTeX\tex/latex/00miktex\epstopdf-
sys.cfg
File: epstopdf-sys.cfg 2021/03/18 v2.0 Configuration of epstopdf for MiKTeX
))
LaTeX Font Info:    External font `cmex10' loaded for size
(Font)              <12> on input line 15.
LaTeX Font Info:    External font `cmex10' loaded for size
(Font)              <8> on input line 15.
LaTeX Font Info:    External font `cmex10' loaded for size
(Font)              <6> on input line 15.
 [1

{C:/Users/pekermilas/AppData/Local/MiKTeX/fonts/map/pdftex/pdftex.map}] (LabRep
ort.toc
LaTeX Font Info:    External font `cmex10' loaded for size
(Font)              <7> on input line 2.
LaTeX Font Info:    External font `cmex10' loaded for size
(Font)              <5> on input line 2.
)
\tf@toc=\write6
\openout6 = `LabReport.toc'.


pdfTeX warning (ext4): destination with the same identifier (name{page.1}) has 
been already used, duplicate ignored
<to be read again> 
                   \relax 
l.17 \newpage
              [1] (Section_Ethernet/Section_Ethernet.tex
<Section_Ethernet/Figures/Anaconda_PATH.png, id=153, 668.4975pt x 531.9875pt>
File: Section_Ethernet/Figures/Anaconda_PATH.png Graphic file (type png)
<use Section_Ethernet/Figures/Anaconda_PATH.png>
Package pdftex.def Info: Section_Ethernet/Figures/Anaconda_PATH.png  used on in
put line 25.
(pdftex.def)             Requested size: 668.49586pt x 531.9862pt.
 [2]
<Section_Ethernet/Figures/anaconda-prompt.jpg, id=165, 788.9475pt x 644.4075pt>

File: Section_Ethernet/Figures/anaconda-prompt.jpg Graphic file (type jpg)
<use Section_Ethernet/Figures/anaconda-prompt.jpg>
Package pdftex.def Info: Section_Ethernet/Figures/anaconda-prompt.jpg  used on 
input line 40.
(pdftex.def)             Requested size: 788.94556pt x 644.40593pt.
 [3
pdfTeX warning (ext4): destination with the same identifier (name{figure.1}) ha
s been already used, duplicate ignored
<argument> ...shipout:D \box_use:N \l_shipout_box 
                                                  \__shipout_drop_firstpage_...
l.44 
      <./Section_Ethernet/Figures/Anaconda_PATH.png (PNG copy)>]
<Section_Ethernet/Figures/install-selenium.jpg, id=172, 984.67876pt x 516.93124
pt>
File: Section_Ethernet/Figures/install-selenium.jpg Graphic file (type jpg)
<use Section_Ethernet/Figures/install-selenium.jpg>
Package pdftex.def Info: Section_Ethernet/Figures/install-selenium.jpg  used on
 input line 50.
(pdftex.def)             Requested size: 984.67635pt x 516.92998pt.
<Section_Ethernet/Figures/confirm-screen.jpg, id=174, 966.61125pt x 201.75375pt
>
File: Section_Ethernet/Figures/confirm-screen.jpg Graphic file (type jpg)
<use Section_Ethernet/Figures/confirm-screen.jpg>
Package pdftex.def Info: Section_Ethernet/Figures/confirm-screen.jpg  used on i
nput line 61.
(pdftex.def)             Requested size: 966.6089pt x 201.75325pt.
 [4
pdfTeX warning (ext4): destination with the same identifier (name{figure.2}) ha
s been already used, duplicate ignored
<argument> ...shipout:D \box_use:N \l_shipout_box 
                                                  \__shipout_drop_firstpage_...
l.65 
     
pdfTeX warning (ext4): destination with the same identifier (name{figure.3}) ha
s been already used, duplicate ignored
<argument> ...shipout:D \box_use:N \l_shipout_box 
                                                  \__shipout_drop_firstpage_...
l.65 
      <./Section_Ethernet/Figures/anaconda-prompt.jpg> <./Section_Ethernet/Figu
res/install-selenium.jpg>]
<Section_Ethernet/Figures/WebDriverDownload.png, id=183, 1371.1225pt x 770.88pt
>
File: Section_Ethernet/Figures/WebDriverDownload.png Graphic file (type png)
<use Section_Ethernet/Figures/WebDriverDownload.png>
Package pdftex.def Info: Section_Ethernet/Figures/WebDriverDownload.png  used o
n input line 73.
(pdftex.def)             Requested size: 1371.11916pt x 770.87813pt.
<Section_Ethernet/Figures/PickWebDriver.png, id=185, 1371.1225pt x 770.88pt>
File: Section_Ethernet/Figures/PickWebDriver.png Graphic file (type png)
<use Section_Ethernet/Figures/PickWebDriver.png>
Package pdftex.def Info: Section_Ethernet/Figures/PickWebDriver.png  used on in
put line 84.
(pdftex.def)             Requested size: 1371.11916pt x 770.87813pt.
 [5
pdfTeX warning (ext4): destination with the same identifier (name{figure.4}) ha
s been already used, duplicate ignored
<argument> ...shipout:D \box_use:N \l_shipout_box 
                                                  \__shipout_drop_firstpage_...
l.88 
     
pdfTeX warning (ext4): destination with the same identifier (name{figure.5}) ha
s been already used, duplicate ignored
<argument> ...shipout:D \box_use:N \l_shipout_box 
                                                  \__shipout_drop_firstpage_...
l.88 
      <./Section_Ethernet/Figures/confirm-screen.jpg> <./Section_Ethernet/Figur
es/WebDriverDownload.png>]
Overfull \hbox (105.89731pt too wide) in paragraph at lines 103--109
\OT1/cmr/m/n/10 access.morgan.edu/guest/ngnauth.php?" is a fixed string. "&mac=
f8:b1:56:b3:7a:0a&[]browser=1"
 []

\openout3 = `LabReport.pyg'.

(_minted-LabReport/default.pygstyle)
(_minted-LabReport/DEC3D4FF01326EC8A1CB6BFDA1012D431F8305D456E611E7FDE5BE0E40FF
D99B.pygtex
LaTeX Font Info:    Font shape `OT1/cmtt/bx/n' in size <10> not available
(Font)              Font shape `OT1/cmtt/m/n' tried instead on input line 2.
 [6
pdfTeX warning (ext4): destination with the same identifier (name{figure.6}) ha
s been already used, duplicate ignored
<argument> ...shipout:D \box_use:N \l_shipout_box 
                                                  \__shipout_drop_firstpage_...
l.5 \PYG{k+kn}{import} \PYG{n+nn}{os}
                                      <./Section_Ethernet/Figures/PickWebDriver
.png>]
Overfull \hbox (27.74675pt too wide) in paragraph at lines 15--15
\OT1/cmtt/m/n/10 driver[].[]get([]"https://secure[]access.morgan.edu/guest/ngna
uth.php?[]|  
 []


Overfull \hbox (1.49698pt too wide) in paragraph at lines 18--18
\OT1/cmtt/m/n/10 driver[].[]find_element_by_id([]^^MID_formcd662c6a_weblogin_us
er^^M[])|  
 []


Overfull \hbox (22.4968pt too wide) in paragraph at lines 20--20
\OT1/cmtt/m/n/10 driver[].[]find_element_by_id([]^^MID_formcd662c6a_weblogin_pa
ssword^^M[])|  
 []


Overfull \hbox (85.49625pt too wide) in paragraph at lines 22--22
\OT1/cmtt/m/n/10 driver[].[]find_element_by_id([]^^MID_formcd662c6a_weblogin_vi
sitor_accept_terms^^M[])|  
 []


Overfull \hbox (11.99689pt too wide) in paragraph at lines 24--24
\OT1/cmtt/m/n/10 driver[].[]find_element_by_id([]^^MID_formcd662c6a_weblogin_su
bmit^^M[])|  
 []

)
<Section_Ethernet/Figures/Windows-10-Task-Scheduler.jpg, id=208, 1050.92625pt x
 602.25pt>
File: Section_Ethernet/Figures/Windows-10-Task-Scheduler.jpg Graphic file (type
 jpg)
<use Section_Ethernet/Figures/Windows-10-Task-Scheduler.jpg>
Package pdftex.def Info: Section_Ethernet/Figures/Windows-10-Task-Scheduler.jpg
  used on input line 164.
(pdftex.def)             Requested size: 1050.9237pt x 602.24852pt.
 [7]
<Section_Ethernet/Figures/create-task.jpg, id=219, 1266.7325pt x 736.7525pt>
File: Section_Ethernet/Figures/create-task.jpg Graphic file (type jpg)
<use Section_Ethernet/Figures/create-task.jpg>
Package pdftex.def Info: Section_Ethernet/Figures/create-task.jpg  used on inpu
t line 173.
(pdftex.def)             Requested size: 1266.72942pt x 736.7507pt.
<Section_Ethernet/Figures/TaskCreationName.png, id=221, 473.51906pt x 359.84438
pt>
File: Section_Ethernet/Figures/TaskCreationName.png Graphic file (type png)
<use Section_Ethernet/Figures/TaskCreationName.png>
Package pdftex.def Info: Section_Ethernet/Figures/TaskCreationName.png  used on
 input line 183.
(pdftex.def)             Requested size: 473.51788pt x 359.84349pt.
 [8
pdfTeX warning (ext4): destination with the same identifier (name{figure.7}) ha
s been already used, duplicate ignored
<argument> ...shipout:D \box_use:N \l_shipout_box 
                                                  \__shipout_drop_firstpage_...
l.187 
      
pdfTeX warning (ext4): destination with the same identifier (name{figure.8}) ha
s been already used, duplicate ignored
<argument> ...shipout:D \box_use:N \l_shipout_box 
                                                  \__shipout_drop_firstpage_...
l.187 
       <./Section_Ethernet/Figures/Windows-10-Task-Scheduler.jpg> <./Section_Et
hernet/Figures/create-task.jpg>]
<Section_Ethernet/Figures/TaskCreationTrigger.png, id=233, 752.8125pt x 469.755
pt>
File: Section_Ethernet/Figures/TaskCreationTrigger.png Graphic file (type png)
<use Section_Ethernet/Figures/TaskCreationTrigger.png>
Package pdftex.def Info: Section_Ethernet/Figures/TaskCreationTrigger.png  used
 on input line 195.
(pdftex.def)             Requested size: 752.81065pt x 469.75386pt.
<Section_Ethernet/Figures/TaskCreationAction.png, id=235, 692.5875pt x 462.2268
7pt>
File: Section_Ethernet/Figures/TaskCreationAction.png Graphic file (type png)
<use Section_Ethernet/Figures/TaskCreationAction.png>
Package pdftex.def Info: Section_Ethernet/Figures/TaskCreationAction.png  used 
on input line 206.
(pdftex.def)             Requested size: 692.5858pt x 462.22574pt.
 [9
pdfTeX warning (ext4): destination with the same identifier (name{figure.9}) ha
s been already used, duplicate ignored
<argument> ...shipout:D \box_use:N \l_shipout_box 
                                                  \__shipout_drop_firstpage_...
l.209 	\end{figure}
                   
pdfTeX warning (ext4): destination with the same identifier (name{figure.10}) h
as been already used, duplicate ignored
<argument> ...shipout:D \box_use:N \l_shipout_box 
                                                  \__shipout_drop_firstpage_...
l.209 	\end{figure}
                    <./Section_Ethernet/Figures/TaskCreationName.png> <./Sectio
n_Ethernet/Figures/TaskCreationTrigger.png>]
<Section_Ethernet/Figures/TaskCreationConditions.png, id=248, 484.05844pt x 372
.64218pt>
File: Section_Ethernet/Figures/TaskCreationConditions.png Graphic file (type pn
g)
<use Section_Ethernet/Figures/TaskCreationConditions.png>
Package pdftex.def Info: Section_Ethernet/Figures/TaskCreationConditions.png  u
sed on input line 217.
(pdftex.def)             Requested size: 484.05725pt x 372.64127pt.
 [10
pdfTeX warning (ext4): destination with the same identifier (name{figure.11}) h
as been already used, duplicate ignored
<argument> ...shipout:D \box_use:N \l_shipout_box 
                                                  \__shipout_drop_firstpage_...
l.221 
       <./Section_Ethernet/Figures/TaskCreationAction.png>]
<Section_Ethernet/Figures/TaskCreationSettings.png, id=258, 487.8225pt x 371.88
937pt>
File: Section_Ethernet/Figures/TaskCreationSettings.png Graphic file (type png)

<use Section_Ethernet/Figures/TaskCreationSettings.png>
Package pdftex.def Info: Section_Ethernet/Figures/TaskCreationSettings.png  use
d on input line 226.
(pdftex.def)             Requested size: 487.8213pt x 371.88846pt.
<Section_Ethernet/Figures/TaskRun.png, id=260, 1264.725pt x 790.45313pt>
File: Section_Ethernet/Figures/TaskRun.png Graphic file (type png)
<use Section_Ethernet/Figures/TaskRun.png>
Package pdftex.def Info: Section_Ethernet/Figures/TaskRun.png  used on input li
ne 237.
(pdftex.def)             Requested size: 1264.72192pt x 790.45119pt.
 [11
pdfTeX warning (ext4): destination with the same identifier (name{figure.12}) h
as been already used, duplicate ignored
<argument> ...shipout:D \box_use:N \l_shipout_box 
                                                  \__shipout_drop_firstpage_...
l.240 	\end{figure}
                   
pdfTeX warning (ext4): destination with the same identifier (name{figure.13}) h
as been already used, duplicate ignored
<argument> ...shipout:D \box_use:N \l_shipout_box 
                                                  \__shipout_drop_firstpage_...
l.240 	\end{figure}
                    <./Section_Ethernet/Figures/TaskCreationConditions.png> <./
Section_Ethernet/Figures/TaskCreationSettings.png>])
(Section_Microscope/Section_Microscope.tex
<Section_Microscope/Figures/CondenserAndObjective.jpg, id=271, 742.775pt x 507.
8975pt>
File: Section_Microscope/Figures/CondenserAndObjective.jpg Graphic file (type j
pg)
<use Section_Microscope/Figures/CondenserAndObjective.jpg>
Package pdftex.def Info: Section_Microscope/Figures/CondenserAndObjective.jpg  
used on input line 21.
(pdftex.def)             Requested size: 742.77318pt x 507.89627pt.
 [12
pdfTeX warning (ext4): destination with the same identifier (name{figure.14}) h
as been already used, duplicate ignored
<argument> ...shipout:D \box_use:N \l_shipout_box 
                                                  \__shipout_drop_firstpage_...
l.26 
      <./Section_Ethernet/Figures/TaskRun.png>]
<Section_Microscope/Figures/ReflectingMicroscope.jpeg, id=281, 513.92pt x 380.4
2125pt>
File: Section_Microscope/Figures/ReflectingMicroscope.jpeg Graphic file (type j
pg)
<use Section_Microscope/Figures/ReflectingMicroscope.jpeg>
Package pdftex.def Info: Section_Microscope/Figures/ReflectingMicroscope.jpeg  
used on input line 37.
(pdftex.def)             Requested size: 513.91873pt x 380.4203pt.
 [13
pdfTeX warning (ext4): destination with the same identifier (name{figure.15}) h
as been already used, duplicate ignored
<argument> ...shipout:D \box_use:N \l_shipout_box 
                                                  \__shipout_drop_firstpage_...
l.42 
      <./Section_Microscope/Figures/CondenserAndObjective.jpg>]
<Section_Microscope/Figures/Confocal_microscopy_Basic_principle1.jpg, id=291, 6
05.35838pt x 368.34387pt>
File: Section_Microscope/Figures/Confocal_microscopy_Basic_principle1.jpg Graph
ic file (type jpg)
<use Section_Microscope/Figures/Confocal_microscopy_Basic_principle1.jpg>
Package pdftex.def Info: Section_Microscope/Figures/Confocal_microscopy_Basic_p
rinciple1.jpg  used on input line 54.
(pdftex.def)             Requested size: 605.3569pt x 368.34296pt.
 [14
pdfTeX warning (ext4): destination with the same identifier (name{figure.16}) h
as been already used, duplicate ignored
<argument> ...shipout:D \box_use:N \l_shipout_box 
                                                  \__shipout_drop_firstpage_...
l.59 
      <./Section_Microscope/Figures/ReflectingMicroscope.jpeg>]
<Section_Microscope/Figures/EpiVsConfocal1.png, id=299, 588.69937pt x 292.09125
pt>
File: Section_Microscope/Figures/EpiVsConfocal1.png Graphic file (type png)
<use Section_Microscope/Figures/EpiVsConfocal1.png>
Package pdftex.def Info: Section_Microscope/Figures/EpiVsConfocal1.png  used on
 input line 62.
(pdftex.def)             Requested size: 588.69792pt x 292.09052pt.
 [15
pdfTeX warning (ext4): destination with the same identifier (name{figure.17}) h
as been already used, duplicate ignored
<argument> ...shipout:D \box_use:N \l_shipout_box 
                                                  \__shipout_drop_firstpage_...
l.75 
     
pdfTeX warning (ext4): destination with the same identifier (name{figure.18}) h
as been already used, duplicate ignored
<argument> ...shipout:D \box_use:N \l_shipout_box 
                                                  \__shipout_drop_firstpage_...
l.75 
      <./Section_Microscope/Figures/Confocal_microscopy_Basic_principle1.jpg> <
./Section_Microscope/Figures/EpiVsConfocal1.png>]
<Section_Microscope/Figures/PL_Setup_Parts.png, id=309, 768.62157pt x 579.66562
pt>
File: Section_Microscope/Figures/PL_Setup_Parts.png Graphic file (type png)
<use Section_Microscope/Figures/PL_Setup_Parts.png>
Package pdftex.def Info: Section_Microscope/Figures/PL_Setup_Parts.png  used on
 input line 91.
(pdftex.def)             Requested size: 768.61969pt x 579.6642pt.
 [16
pdfTeX warning (ext4): destination with the same identifier (name{figure.19}) h
as been already used, duplicate ignored
<argument> ...shipout:D \box_use:N \l_shipout_box 
                                                  \__shipout_drop_firstpage_...
l.99 
      <./Section_Microscope/Figures/PL_Setup_Parts.png>]
<Section_Microscope/Figures/PL_Setup_Zones.png, id=318, 786.68906pt x 589.4522p
t>
File: Section_Microscope/Figures/PL_Setup_Zones.png Graphic file (type png)
<use Section_Microscope/Figures/PL_Setup_Zones.png>
Package pdftex.def Info: Section_Microscope/Figures/PL_Setup_Zones.png  used on
 input line 102.
(pdftex.def)             Requested size: 786.68713pt x 589.45076pt.
 [17
pdfTeX warning (ext4): destination with the same identifier (name{figure.20}) h
as been already used, duplicate ignored
<argument> ...shipout:D \box_use:N \l_shipout_box 
                                                  \__shipout_drop_firstpage_...
l.132 \end{enumerate}
                      <./Section_Microscope/Figures/PL_Setup_Zones.png>]
[18]
Underfull \hbox (badness 10000) in paragraph at lines 183--183
[][][][]$\OT1/cmtt/m/n/8 https : / / www . olympus-[]lifescience . com / en / m
icroscope-[]resource / primer / anatomy /
 []


Underfull \hbox (badness 10000) in paragraph at lines 188--188
[][][][]$\OT1/cmtt/m/n/8 https : / / www . edmundoptics . com / knowledge-[]cen
ter / application-[]notes / imaging /
 []

[19]
Underfull \hbox (badness 10000) in paragraph at lines 230--230
[][][][]$\OT1/cmtt/m/n/8 https : / / www . edmundoptics . com / knowledge-[]cen
ter / application-[]notes / optics /
 []

[20])
Overfull \hbox (0.158pt too wide) in paragraph at lines 25--25
[]\OT1/cmr/bx/n/14.4 Mask De-sign In-struc-tions for ODMR An-tenna 
 []

(Section_ODMR_Antenna/ODMR_Antenna.tex
<Section_ODMR_Antenna/Figures/RealAntenna.png, id=380, 261.8583pt x 163.5711pt>

File: Section_ODMR_Antenna/Figures/RealAntenna.png Graphic file (type png)
<use Section_ODMR_Antenna/Figures/RealAntenna.png>
Package pdftex.def Info: Section_ODMR_Antenna/Figures/RealAntenna.png  used on 
input line 35.
(pdftex.def)             Requested size: 261.85765pt x 163.5707pt.
 [21]
<Section_ODMR_Antenna/Figures/ShadedUnshaded.png, id=395, 1602.98875pt x 797.98
125pt>
File: Section_ODMR_Antenna/Figures/ShadedUnshaded.png Graphic file (type png)
<use Section_ODMR_Antenna/Figures/ShadedUnshaded.png>
Package pdftex.def Info: Section_ODMR_Antenna/Figures/ShadedUnshaded.png  used 
on input line 50.
(pdftex.def)             Requested size: 1602.98485pt x 797.9793pt.
 [22
pdfTeX warning (ext4): destination with the same identifier (name{figure.21}) h
as been already used, duplicate ignored
<argument> ...shipout:D \box_use:N \l_shipout_box 
                                                  \__shipout_drop_firstpage_...
l.61 
     
pdfTeX warning (ext4): destination with the same identifier (name{figure.22}) h
as been already used, duplicate ignored
<argument> ...shipout:D \box_use:N \l_shipout_box 
                                                  \__shipout_drop_firstpage_...
l.61 
      <./Section_ODMR_Antenna/Figures/RealAntenna.png> <./Section_ODMR_Antenna/
Figures/ShadedUnshaded.png>]
<Section_ODMR_Antenna/Figures/PrintButton.png, id=404, 1927.2pt x 1084.05pt>
File: Section_ODMR_Antenna/Figures/PrintButton.png Graphic file (type png)
<use Section_ODMR_Antenna/Figures/PrintButton.png>
Package pdftex.def Info: Section_ODMR_Antenna/Figures/PrintButton.png  used on 
input line 69.
(pdftex.def)             Requested size: 1927.19533pt x 1084.04736pt.
<Section_ODMR_Antenna/Figures/PlotModelWindow.png, id=405, 1927.2pt x 1084.05pt
>
File: Section_ODMR_Antenna/Figures/PlotModelWindow.png Graphic file (type png)
<use Section_ODMR_Antenna/Figures/PlotModelWindow.png>
Package pdftex.def Info: Section_ODMR_Antenna/Figures/PlotModelWindow.png  used
 on input line 76.
(pdftex.def)             Requested size: 1927.19533pt x 1084.04736pt.
<Section_ODMR_Antenna/Figures/PrintOpenScreen.png, id=407, 1927.2pt x 1084.05pt
>
File: Section_ODMR_Antenna/Figures/PrintOpenScreen.png Graphic file (type png)
<use Section_ODMR_Antenna/Figures/PrintOpenScreen.png>
Package pdftex.def Info: Section_ODMR_Antenna/Figures/PrintOpenScreen.png  used
 on input line 86.
(pdftex.def)             Requested size: 1927.19533pt x 1084.04736pt.
 [23
pdfTeX warning (ext4): destination with the same identifier (name{figure.23}) h
as been already used, duplicate ignored
<argument> ...shipout:D \box_use:N \l_shipout_box 
                                                  \__shipout_drop_firstpage_...
l.90 
     
pdfTeX warning (ext4): destination with the same identifier (name{figure.24}) h
as been already used, duplicate ignored
<argument> ...shipout:D \box_use:N \l_shipout_box 
                                                  \__shipout_drop_firstpage_...
l.90 
      <./Section_ODMR_Antenna/Figures/PrintButton.png> <./Section_ODMR_Antenna/
Figures/PlotModelWindow.png>]
<Section_ODMR_Antenna/Figures/ChoosePlotter1.png, id=420, 1927.2pt x 1084.05pt>

File: Section_ODMR_Antenna/Figures/ChoosePlotter1.png Graphic file (type png)
<use Section_ODMR_Antenna/Figures/ChoosePlotter1.png>
Package pdftex.def Info: Section_ODMR_Antenna/Figures/ChoosePlotter1.png  used 
on input line 96.
(pdftex.def)             Requested size: 1927.19533pt x 1084.04736pt.

Underfull \hbox (badness 2735) in paragraph at lines 98--98
[]\OT1/cmr/m/n/10 Figure 26: []Selection of Au-to-CAD PDF (High Qual-ity Print)
.pc3 in
 []

<Section_ODMR_Antenna/Figures/CustomizePlotter.png, id=423, 1927.2pt x 1084.05p
t>
File: Section_ODMR_Antenna/Figures/CustomizePlotter.png Graphic file (type png)

<use Section_ODMR_Antenna/Figures/CustomizePlotter.png>
Package pdftex.def Info: Section_ODMR_Antenna/Figures/CustomizePlotter.png  use
d on input line 107.
(pdftex.def)             Requested size: 1927.19533pt x 1084.04736pt.
[24
pdfTeX warning (ext4): destination with the same identifier (name{figure.25}) h
as been already used, duplicate ignored
<argument> ...shipout:D \box_use:N \l_shipout_box 
                                                  \__shipout_drop_firstpage_...
l.111 	
       
pdfTeX warning (ext4): destination with the same identifier (name{figure.26}) h
as been already used, duplicate ignored
<argument> ...shipout:D \box_use:N \l_shipout_box 
                                                  \__shipout_drop_firstpage_...
l.111 	
        <./Section_ODMR_Antenna/Figures/PrintOpenScreen.png> <./Section_ODMR_An
tenna/Figures/ChoosePlotter1.png>]
<Section_ODMR_Antenna/Figures/PDFOptionsWindow.png, id=436, 1927.2pt x 1084.05p
t>
File: Section_ODMR_Antenna/Figures/PDFOptionsWindow.png Graphic file (type png)

<use Section_ODMR_Antenna/Figures/PDFOptionsWindow.png>
Package pdftex.def Info: Section_ODMR_Antenna/Figures/PDFOptionsWindow.png  use
d on input line 114.
(pdftex.def)             Requested size: 1927.19533pt x 1084.04736pt.
<Section_ODMR_Antenna/Figures/PDFOptionsWindow1.png, id=438, 1927.2pt x 1084.05
pt>
File: Section_ODMR_Antenna/Figures/PDFOptionsWindow1.png Graphic file (type png
)
<use Section_ODMR_Antenna/Figures/PDFOptionsWindow1.png>
Package pdftex.def Info: Section_ODMR_Antenna/Figures/PDFOptionsWindow1.png  us
ed on input line 124.
(pdftex.def)             Requested size: 1927.19533pt x 1084.04736pt.
 [25
pdfTeX warning (ext4): destination with the same identifier (name{figure.27}) h
as been already used, duplicate ignored
<argument> ...shipout:D \box_use:N \l_shipout_box 
                                                  \__shipout_drop_firstpage_...
l.128 
      
pdfTeX warning (ext4): destination with the same identifier (name{figure.28}) h
as been already used, duplicate ignored
<argument> ...shipout:D \box_use:N \l_shipout_box 
                                                  \__shipout_drop_firstpage_...
l.128 
       <./Section_ODMR_Antenna/Figures/CustomizePlotter.png> <./Section_ODMR_An
tenna/Figures/PDFOptionsWindow.png>]
<Section_ODMR_Antenna/Figures/CustomizePaperSize.png, id=448, 1927.2pt x 1084.0
5pt>
File: Section_ODMR_Antenna/Figures/CustomizePaperSize.png Graphic file (type pn
g)
<use Section_ODMR_Antenna/Figures/CustomizePaperSize.png>
Package pdftex.def Info: Section_ODMR_Antenna/Figures/CustomizePaperSize.png  u
sed on input line 134.
(pdftex.def)             Requested size: 1927.19533pt x 1084.04736pt.
<Section_ODMR_Antenna/Figures/ChoosePaperType1.png, id=451, 1927.2pt x 1084.05p
t>
File: Section_ODMR_Antenna/Figures/ChoosePaperType1.png Graphic file (type png)

<use Section_ODMR_Antenna/Figures/ChoosePaperType1.png>
Package pdftex.def Info: Section_ODMR_Antenna/Figures/ChoosePaperType1.png  use
d on input line 145.
(pdftex.def)             Requested size: 1927.19533pt x 1084.04736pt.
 [26
pdfTeX warning (ext4): destination with the same identifier (name{figure.29}) h
as been already used, duplicate ignored
<argument> ...shipout:D \box_use:N \l_shipout_box 
                                                  \__shipout_drop_firstpage_...
l.149 
      
pdfTeX warning (ext4): destination with the same identifier (name{figure.30}) h
as been already used, duplicate ignored
<argument> ...shipout:D \box_use:N \l_shipout_box 
                                                  \__shipout_drop_firstpage_...
l.149 
       <./Section_ODMR_Antenna/Figures/PDFOptionsWindow1.png> <./Section_ODMR_A
ntenna/Figures/CustomizePaperSize.png>]
<Section_ODMR_Antenna/Figures/ChoosePaperType2.png, id=463, 1927.2pt x 1084.05p
t>
File: Section_ODMR_Antenna/Figures/ChoosePaperType2.png Graphic file (type png)

<use Section_ODMR_Antenna/Figures/ChoosePaperType2.png>
Package pdftex.def Info: Section_ODMR_Antenna/Figures/ChoosePaperType2.png  use
d on input line 152.
(pdftex.def)             Requested size: 1927.19533pt x 1084.04736pt.
<Section_ODMR_Antenna/Figures/ChangePaperMargins1.png, id=465, 1927.2pt x 1084.
05pt>
File: Section_ODMR_Antenna/Figures/ChangePaperMargins1.png Graphic file (type p
ng)
<use Section_ODMR_Antenna/Figures/ChangePaperMargins1.png>
Package pdftex.def Info: Section_ODMR_Antenna/Figures/ChangePaperMargins1.png  
used on input line 162.
(pdftex.def)             Requested size: 1927.19533pt x 1084.04736pt.
 [27
pdfTeX warning (ext4): destination with the same identifier (name{figure.31}) h
as been already used, duplicate ignored
<argument> ...shipout:D \box_use:N \l_shipout_box 
                                                  \__shipout_drop_firstpage_...
l.166 	
       
pdfTeX warning (ext4): destination with the same identifier (name{figure.32}) h
as been already used, duplicate ignored
<argument> ...shipout:D \box_use:N \l_shipout_box 
                                                  \__shipout_drop_firstpage_...
l.166 	
        <./Section_ODMR_Antenna/Figures/ChoosePaperType1.png> <./Section_ODMR_A
ntenna/Figures/ChoosePaperType2.png>]
<Section_ODMR_Antenna/Figures/ChangePaperMargins2.png, id=475, 1927.2pt x 1084.
05pt>
File: Section_ODMR_Antenna/Figures/ChangePaperMargins2.png Graphic file (type p
ng)
<use Section_ODMR_Antenna/Figures/ChangePaperMargins2.png>
Package pdftex.def Info: Section_ODMR_Antenna/Figures/ChangePaperMargins2.png  
used on input line 172.
(pdftex.def)             Requested size: 1927.19533pt x 1084.04736pt.
<Section_ODMR_Antenna/Figures/FolderOfCustomPlotters.png, id=477, 1927.2pt x 10
84.05pt>
File: Section_ODMR_Antenna/Figures/FolderOfCustomPlotters.png Graphic file (typ
e png)
<use Section_ODMR_Antenna/Figures/FolderOfCustomPlotters.png>
Package pdftex.def Info: Section_ODMR_Antenna/Figures/FolderOfCustomPlotters.pn
g  used on input line 183.
(pdftex.def)             Requested size: 1927.19533pt x 1084.04736pt.
 [28
pdfTeX warning (ext4): destination with the same identifier (name{figure.33}) h
as been already used, duplicate ignored
<argument> ...shipout:D \box_use:N \l_shipout_box 
                                                  \__shipout_drop_firstpage_...
l.187 
      
pdfTeX warning (ext4): destination with the same identifier (name{figure.34}) h
as been already used, duplicate ignored
<argument> ...shipout:D \box_use:N \l_shipout_box 
                                                  \__shipout_drop_firstpage_...
l.187 
       <./Section_ODMR_Antenna/Figures/ChangePaperMargins1.png> <./Section_ODMR
_Antenna/Figures/ChangePaperMargins2.png>]
<Section_ODMR_Antenna/Figures/DefinePlotArea.png, id=489, 1927.2pt x 1084.05pt>

File: Section_ODMR_Antenna/Figures/DefinePlotArea.png Graphic file (type png)
<use Section_ODMR_Antenna/Figures/DefinePlotArea.png>
Package pdftex.def Info: Section_ODMR_Antenna/Figures/DefinePlotArea.png  used 
on input line 195.
(pdftex.def)             Requested size: 1927.19533pt x 1084.04736pt.
<Section_ODMR_Antenna/Figures/PrintQuality.png, id=491, 1927.2pt x 1084.05pt>
File: Section_ODMR_Antenna/Figures/PrintQuality.png Graphic file (type png)
<use Section_ODMR_Antenna/Figures/PrintQuality.png>
Package pdftex.def Info: Section_ODMR_Antenna/Figures/PrintQuality.png  used on
 input line 205.
(pdftex.def)             Requested size: 1927.19533pt x 1084.04736pt.
 [29
pdfTeX warning (ext4): destination with the same identifier (name{figure.35}) h
as been already used, duplicate ignored
<argument> ...shipout:D \box_use:N \l_shipout_box 
                                                  \__shipout_drop_firstpage_...
l.209 	
       
pdfTeX warning (ext4): destination with the same identifier (name{figure.36}) h
as been already used, duplicate ignored
<argument> ...shipout:D \box_use:N \l_shipout_box 
                                                  \__shipout_drop_firstpage_...
l.209 	
        <./Section_ODMR_Antenna/Figures/FolderOfCustomPlotters.png> <./Section_
ODMR_Antenna/Figures/DefinePlotArea.png>]
<Section_ODMR_Antenna/Figures/PrintLineweights.png, id=504, 1927.2pt x 1084.05p
t>
File: Section_ODMR_Antenna/Figures/PrintLineweights.png Graphic file (type png)

<use Section_ODMR_Antenna/Figures/PrintLineweights.png>
Package pdftex.def Info: Section_ODMR_Antenna/Figures/PrintLineweights.png  use
d on input line 215.
(pdftex.def)             Requested size: 1927.19533pt x 1084.04736pt.
<Section_ODMR_Antenna/Figures/OpenPdfInkscape.png, id=506, 1927.2pt x 1084.05pt
>
File: Section_ODMR_Antenna/Figures/OpenPdfInkscape.png Graphic file (type png)
<use Section_ODMR_Antenna/Figures/OpenPdfInkscape.png>
Package pdftex.def Info: Section_ODMR_Antenna/Figures/OpenPdfInkscape.png  used
 on input line 234.
(pdftex.def)             Requested size: 1927.19533pt x 1084.04736pt.
 [30
pdfTeX warning (ext4): destination with the same identifier (name{figure.37}) h
as been already used, duplicate ignored
<argument> ...shipout:D \box_use:N \l_shipout_box 
                                                  \__shipout_drop_firstpage_...
l.238 	
       
pdfTeX warning (ext4): destination with the same identifier (name{figure.38}) h
as been already used, duplicate ignored
<argument> ...shipout:D \box_use:N \l_shipout_box 
                                                  \__shipout_drop_firstpage_...
l.238 	
        <./Section_ODMR_Antenna/Figures/PrintQuality.png> <./Section_ODMR_Anten
na/Figures/PrintLineweights.png>]
<Section_ODMR_Antenna/Figures/SelectUngroup.png, id=520, 1927.2pt x 1084.05pt>
File: Section_ODMR_Antenna/Figures/SelectUngroup.png Graphic file (type png)
<use Section_ODMR_Antenna/Figures/SelectUngroup.png>
Package pdftex.def Info: Section_ODMR_Antenna/Figures/SelectUngroup.png  used o
n input line 244.
(pdftex.def)             Requested size: 1927.19533pt x 1084.04736pt.
<Section_ODMR_Antenna/Figures/EditNodes.png, id=522, 1927.2pt x 1084.05pt>
File: Section_ODMR_Antenna/Figures/EditNodes.png Graphic file (type png)
<use Section_ODMR_Antenna/Figures/EditNodes.png>
Package pdftex.def Info: Section_ODMR_Antenna/Figures/EditNodes.png  used on in
put line 255.
(pdftex.def)             Requested size: 1927.19533pt x 1084.04736pt.
 [31
pdfTeX warning (ext4): destination with the same identifier (name{figure.39}) h
as been already used, duplicate ignored
<argument> ...shipout:D \box_use:N \l_shipout_box 
                                                  \__shipout_drop_firstpage_...
l.259 
      
pdfTeX warning (ext4): destination with the same identifier (name{figure.40}) h
as been already used, duplicate ignored
<argument> ...shipout:D \box_use:N \l_shipout_box 
                                                  \__shipout_drop_firstpage_...
l.259 
       <./Section_ODMR_Antenna/Figures/OpenPdfInkscape.png> <./Section_ODMR_Ant
enna/Figures/SelectUngroup.png>]
<Section_ODMR_Antenna/Figures/JoinNodes.png, id=534, 1927.2pt x 1084.05pt>
File: Section_ODMR_Antenna/Figures/JoinNodes.png Graphic file (type png)
<use Section_ODMR_Antenna/Figures/JoinNodes.png>
Package pdftex.def Info: Section_ODMR_Antenna/Figures/JoinNodes.png  used on in
put line 266.
(pdftex.def)             Requested size: 1927.19533pt x 1084.04736pt.
<Section_ODMR_Antenna/Figures/FillAndStroke.png, id=536, 1927.2pt x 1084.05pt>
File: Section_ODMR_Antenna/Figures/FillAndStroke.png Graphic file (type png)
<use Section_ODMR_Antenna/Figures/FillAndStroke.png>
Package pdftex.def Info: Section_ODMR_Antenna/Figures/FillAndStroke.png  used o
n input line 280.
(pdftex.def)             Requested size: 1927.19533pt x 1084.04736pt.
 [32
pdfTeX warning (ext4): destination with the same identifier (name{figure.41}) h
as been already used, duplicate ignored
<argument> ...shipout:D \box_use:N \l_shipout_box 
                                                  \__shipout_drop_firstpage_...
l.284 	
       
pdfTeX warning (ext4): destination with the same identifier (name{figure.42}) h
as been already used, duplicate ignored
<argument> ...shipout:D \box_use:N \l_shipout_box 
                                                  \__shipout_drop_firstpage_...
l.284 	
        <./Section_ODMR_Antenna/Figures/EditNodes.png> <./Section_ODMR_Antenna/
Figures/JoinNodes.png>]
<Section_ODMR_Antenna/Figures/FillSolidColor.png, id=549, 1927.2pt x 1084.05pt>

File: Section_ODMR_Antenna/Figures/FillSolidColor.png Graphic file (type png)
<use Section_ODMR_Antenna/Figures/FillSolidColor.png>
Package pdftex.def Info: Section_ODMR_Antenna/Figures/FillSolidColor.png  used 
on input line 289.
(pdftex.def)             Requested size: 1927.19533pt x 1084.04736pt.
)
Overfull \hbox (26.48134pt too wide) in paragraph at lines 28--28
[]\OT1/cmr/bx/n/14.4 Optically De-tected Mag-netic Res-o-nance (ODMR) 
 []

(Section_ODMR/Section_ODMR.tex [33
pdfTeX warning (ext4): destination with the same identifier (name{figure.43}) h
as been already used, duplicate ignored
<argument> ...shipout:D \box_use:N \l_shipout_box 
                                                  \__shipout_drop_firstpage_...
l.8 
    
pdfTeX warning (ext4): destination with the same identifier (name{figure.44}) h
as been already used, duplicate ignored
<argument> ...shipout:D \box_use:N \l_shipout_box 
                                                  \__shipout_drop_firstpage_...
l.8 
     <./Section_ODMR_Antenna/Figures/FillAndStroke.png> <./Section_ODMR_Antenna
/Figures/FillSolidColor.png>] [34]
<Section_ODMR/Figures/BGCounts_AsFunctionOfIntegrationTime.png, id=568, 462.528
pt x 346.896pt>
File: Section_ODMR/Figures/BGCounts_AsFunctionOfIntegrationTime.png Graphic fil
e (type png)
<use Section_ODMR/Figures/BGCounts_AsFunctionOfIntegrationTime.png>
Package pdftex.def Info: Section_ODMR/Figures/BGCounts_AsFunctionOfIntegrationT
ime.png  used on input line 69.
(pdftex.def)             Requested size: 462.52686pt x 346.89514pt.
<Section_ODMR/Figures/Pixel2550TimeEvolutionOfCounts.png, id=569, 462.528pt x 3
46.896pt>
File: Section_ODMR/Figures/Pixel2550TimeEvolutionOfCounts.png Graphic file (typ
e png)
<use Section_ODMR/Figures/Pixel2550TimeEvolutionOfCounts.png>
Package pdftex.def Info: Section_ODMR/Figures/Pixel2550TimeEvolutionOfCounts.pn
g  used on input line 76.
(pdftex.def)             Requested size: 462.52686pt x 346.89514pt.
 [35
pdfTeX warning (ext4): destination with the same identifier (name{figure.45}) h
as been already used, duplicate ignored
<argument> ...shipout:D \box_use:N \l_shipout_box 
                                                  \__shipout_drop_firstpage_...
l.80 
      <./Section_ODMR/Figures/BGCounts_AsFunctionOfIntegrationTime.png>]
<Section_ODMR/Figures/Pixel2550_100msFits.png, id=581, 462.528pt x 346.896pt>
File: Section_ODMR/Figures/Pixel2550_100msFits.png Graphic file (type png)
<use Section_ODMR/Figures/Pixel2550_100msFits.png>
Package pdftex.def Info: Section_ODMR/Figures/Pixel2550_100msFits.png  used on 
input line 92.
(pdftex.def)             Requested size: 462.52686pt x 346.89514pt.

[36
pdfTeX warning (ext4): destination with the same identifier (name{figure.46}) h
as been already used, duplicate ignored
<argument> ...shipout:D \box_use:N \l_shipout_box 
                                                  \__shipout_drop_firstpage_...
l.97 
      <./Section_ODMR/Figures/Pixel2550TimeEvolutionOfCounts.png>]
<Section_ODMR/Figures/Pixel2550_500msFits.png, id=592, 462.528pt x 346.896pt>
File: Section_ODMR/Figures/Pixel2550_500msFits.png Graphic file (type png)
<use Section_ODMR/Figures/Pixel2550_500msFits.png>
Package pdftex.def Info: Section_ODMR/Figures/Pixel2550_500msFits.png  used on 
input line 100.
(pdftex.def)             Requested size: 462.52686pt x 346.89514pt.
<Section_ODMR/Figures/Pixel2550_1000msFits.png, id=593, 462.528pt x 346.896pt>
File: Section_ODMR/Figures/Pixel2550_1000msFits.png Graphic file (type png)
<use Section_ODMR/Figures/Pixel2550_1000msFits.png>
Package pdftex.def Info: Section_ODMR/Figures/Pixel2550_1000msFits.png  used on
 input line 108.
(pdftex.def)             Requested size: 462.52686pt x 346.89514pt.
 [37
pdfTeX warning (ext4): destination with the same identifier (name{figure.47}) h
as been already used, duplicate ignored
<argument> ...shipout:D \box_use:N \l_shipout_box 
                                                  \__shipout_drop_firstpage_...
l.113 
      
pdfTeX warning (ext4): destination with the same identifier (name{figure.48}) h
as been already used, duplicate ignored
<argument> ...shipout:D \box_use:N \l_shipout_box 
                                                  \__shipout_drop_firstpage_...
l.113 
       <./Section_ODMR/Figures/Pixel2550_100msFits.png> <./Section_ODMR/Figures
/Pixel2550_500msFits.png>]
<Section_ODMR/Figures/Pixel2550_2000msFits.png, id=600, 462.528pt x 346.896pt>
File: Section_ODMR/Figures/Pixel2550_2000msFits.png Graphic file (type png)
<use Section_ODMR/Figures/Pixel2550_2000msFits.png>
Package pdftex.def Info: Section_ODMR/Figures/Pixel2550_2000msFits.png  used on
 input line 116.
(pdftex.def)             Requested size: 462.52686pt x 346.89514pt.
 [38
pdfTeX warning (ext4): destination with the same identifier (name{figure.49}) h
as been already used, duplicate ignored
<argument> ...shipout:D \box_use:N \l_shipout_box 
                                                  \__shipout_drop_firstpage_...
l.130 
      
pdfTeX warning (ext4): destination with the same identifier (name{figure.50}) h
as been already used, duplicate ignored
<argument> ...shipout:D \box_use:N \l_shipout_box 
                                                  \__shipout_drop_firstpage_...
l.130 
       <./Section_ODMR/Figures/Pixel2550_1000msFits.png> <./Section_ODMR/Figure
s/Pixel2550_2000msFits.png>]

Package hyperref Warning: Token not allowed in a PDF string (Unicode):
(hyperref)                removing `math shift' on input line 178.


Package hyperref Warning: Token not allowed in a PDF string (Unicode):
(hyperref)                removing `superscript' on input line 178.


Package hyperref Warning: Token not allowed in a PDF string (Unicode):
(hyperref)                removing `math shift' on input line 178.

[39
pdfTeX warning (ext4): destination with the same identifier (name{table.1}) has
 been already used, duplicate ignored
<argument> ...shipout:D \box_use:N \l_shipout_box 
                                                  \__shipout_drop_firstpage_...
l.189 
      ]
<Section_ODMR/Figures/rawSpectraNVdefects.png, id=617, 462.528pt x 346.896pt>
File: Section_ODMR/Figures/rawSpectraNVdefects.png Graphic file (type png)
<use Section_ODMR/Figures/rawSpectraNVdefects.png>
Package pdftex.def Info: Section_ODMR/Figures/rawSpectraNVdefects.png  used on 
input line 209.
(pdftex.def)             Requested size: 462.52686pt x 346.89514pt.
 [40]
<Section_ODMR/Figures/cleanedUpSpectraNVdefects.png, id=626, 462.528pt x 346.89
6pt>
File: Section_ODMR/Figures/cleanedUpSpectraNVdefects.png Graphic file (type png
)
<use Section_ODMR/Figures/cleanedUpSpectraNVdefects.png>
Package pdftex.def Info: Section_ODMR/Figures/cleanedUpSpectraNVdefects.png  us
ed on input line 229.
(pdftex.def)             Requested size: 462.52686pt x 346.89514pt.
 [41
pdfTeX warning (ext4): destination with the same identifier (name{figure.51}) h
as been already used, duplicate ignored
<argument> ...shipout:D \box_use:N \l_shipout_box 
                                                  \__shipout_drop_firstpage_...
l.236 
       <./Section_ODMR/Figures/rawSpectraNVdefects.png>]
<Section_ODMR/Figures/ODMRAndCleanedUpODMR.png, id=635, 462.528pt x 346.896pt>
File: Section_ODMR/Figures/ODMRAndCleanedUpODMR.png Graphic file (type png)
<use Section_ODMR/Figures/ODMRAndCleanedUpODMR.png>
Package pdftex.def Info: Section_ODMR/Figures/ODMRAndCleanedUpODMR.png  used on
 input line 258.
(pdftex.def)             Requested size: 462.52686pt x 346.89514pt.
 [42
pdfTeX warning (ext4): destination with the same identifier (name{figure.52}) h
as been already used, duplicate ignored
<argument> ...shipout:D \box_use:N \l_shipout_box 
                                                  \__shipout_drop_firstpage_...
l.265 
       <./Section_ODMR/Figures/cleanedUpSpectraNVdefects.png>]) [43
pdfTeX warning (ext4): destination with the same identifier (name{figure.53}) h
as been already used, duplicate ignored
<argument> ...shipout:D \box_use:N \l_shipout_box 
                                                  \__shipout_drop_firstpage_...
l.31 \end{document}
                    <./Section_ODMR/Figures/ODMRAndCleanedUpODMR.png>]
(LabReport.aux)

Package rerunfilecheck Warning: File `LabReport.out' has changed.
(rerunfilecheck)                Rerun to get outlines right
(rerunfilecheck)                or use package `bookmark'.

Package rerunfilecheck Info: Checksums for `LabReport.out':
(rerunfilecheck)             Before: 21DFAD4AA0FDC4F316859AD93E534301;5825
(rerunfilecheck)             After:  E1086B7820491F57CFA8EA36817AB6A3;6171.
runsystem(del LabReport.pyg)...executed.

 ) 
Here is how much of TeX's memory you used:
 13091 strings out of 476315
 240451 string characters out of 5784837
 1874068 words of memory out of 5000000
 33095 multiletter control sequences out of 15000+600000
 518355 words of font info for 53 fonts, out of 8000000 for 9000
 1141 hyphenation exceptions out of 8191
 77i,10n,76p,436b,878s stack positions out of 10000i,1000n,20000p,200000b,200000s
 <C:\Users\pekermilas\AppData\Local\MiKTeX\fonts/pk/ljfour/jknappen/ec/dpi600
\tcrm1000.pk><C:/Users/pekermilas/AppData/Local/Programs/MiKTeX/fonts/type1/pub
lic/amsfonts/cm/cmbx10.pfb><C:/Users/pekermilas/AppData/Local/Programs/MiKTeX/f
onts/type1/public/amsfonts/cm/cmbx12.pfb><C:/Users/pekermilas/AppData/Local/Pro
grams/MiKTeX/fonts/type1/public/amsfonts/cm/cmbx8.pfb><C:/Users/pekermilas/AppD
ata/Local/Programs/MiKTeX/fonts/type1/public/amsfonts/cm/cmex10.pfb><C:/Users/p
ekermilas/AppData/Local/Programs/MiKTeX/fonts/type1/public/amsfonts/cm/cmmi10.p
fb><C:/Users/pekermilas/AppData/Local/Programs/MiKTeX/fonts/type1/public/amsfon
ts/cm/cmmi5.pfb><C:/Users/pekermilas/AppData/Local/Programs/MiKTeX/fonts/type1/
public/amsfonts/cm/cmmi7.pfb><C:/Users/pekermilas/AppData/Local/Programs/MiKTeX
/fonts/type1/public/amsfonts/cm/cmr10.pfb><C:/Users/pekermilas/AppData/Local/Pr
ograms/MiKTeX/fonts/type1/public/amsfonts/cm/cmr12.pfb><C:/Users/pekermilas/App
Data/Local/Programs/MiKTeX/fonts/type1/public/amsfonts/cm/cmr17.pfb><C:/Users/p
ekermilas/AppData/Local/Programs/MiKTeX/fonts/type1/public/amsfonts/cm/cmr5.pfb
><C:/Users/pekermilas/AppData/Local/Programs/MiKTeX/fonts/type1/public/amsfonts
/cm/cmr6.pfb><C:/Users/pekermilas/AppData/Local/Programs/MiKTeX/fonts/type1/pub
lic/amsfonts/cm/cmr7.pfb><C:/Users/pekermilas/AppData/Local/Programs/MiKTeX/fon
ts/type1/public/amsfonts/cm/cmr8.pfb><C:/Users/pekermilas/AppData/Local/Program
s/MiKTeX/fonts/type1/public/amsfonts/cm/cmsy10.pfb><C:/Users/pekermilas/AppData
/Local/Programs/MiKTeX/fonts/type1/public/amsfonts/cm/cmsy5.pfb><C:/Users/peker
milas/AppData/Local/Programs/MiKTeX/fonts/type1/public/amsfonts/cm/cmsy7.pfb><C
:/Users/pekermilas/AppData/Local/Programs/MiKTeX/fonts/type1/public/amsfonts/cm
/cmti8.pfb><C:/Users/pekermilas/AppData/Local/Programs/MiKTeX/fonts/type1/publi
c/amsfonts/cm/cmtt10.pfb><C:/Users/pekermilas/AppData/Local/Programs/MiKTeX/fon
ts/type1/public/amsfonts/cm/cmtt8.pfb>
Output written on LabReport.pdf (44 pages, 7248625 bytes).
PDF statistics:
 782 PDF objects out of 1000 (max. 8388607)
 196 named destinations out of 1000 (max. 500000)
 474 words of extra memory for PDF output out of 10000 (max. 10000000)

